\BOOKMARK [0][-]{pretexto.0}{Elementos Pr\351-Textuais}{}% 1
\BOOKMARK [1][-]{pretexto.1.1}{Capa}{pretexto.0}% 2
\BOOKMARK [1][-]{pretexto.2.1}{Publica\347\343o}{pretexto.0}% 3
\BOOKMARK [1][-]{pretexto.3.1}{Folha de Rosto}{pretexto.0}% 4
\BOOKMARK [1][-]{pretexto.4.1}{Aprova\347\343o}{pretexto.0}% 5
\BOOKMARK [1][-]{pretexto.7.1}{Agradecimentos}{pretexto.0}% 6
\BOOKMARK [1][-]{pretexto.8.1}{Resumo}{pretexto.0}% 7
\BOOKMARK [1][-]{pretexto.9.1}{Abstract}{pretexto.0}% 8
\BOOKMARK [0][-]{sumario.0}{Sum\341rio}{}% 9
\BOOKMARK [0][-]{Doc-Start}{Lista de Figuras}{}% 10
\BOOKMARK [0][-]{Doc-Start}{Lista de Tabelas}{}% 11
\BOOKMARK [0][-]{section*.1}{Lista de C\363digos de Programas}{}% 12
\BOOKMARK [0][-]{chapter.2}{1 Introdu\347\343o}{}% 13
\BOOKMARK [1][-]{section.3}{1.1 Finalidade}{chapter.2}% 14
\BOOKMARK [1][-]{section.4}{1.2 Objetivo Geral}{chapter.2}% 15
\BOOKMARK [0][-]{chapter.5}{2 Escopo do Projeto}{}% 16
\BOOKMARK [1][-]{section.6}{2.1 Situa\347\343o Atual}{chapter.5}% 17
\BOOKMARK [2][-]{subsection.7}{2.1.1 Motiva\347\343o}{section.6}% 18
\BOOKMARK [2][-]{subsection.8}{2.1.2 Problema}{section.6}% 19
\BOOKMARK [2][-]{subsection.9}{2.1.3 Justificativa}{section.6}% 20
\BOOKMARK [1][-]{section.10}{2.2 Objetivos}{chapter.5}% 21
\BOOKMARK [2][-]{subsection.11}{2.2.1 Objetivos Gerais}{section.10}% 22
\BOOKMARK [2][-]{subsection.12}{2.2.2 Objetivos Espec\355ficos}{section.10}% 23
\BOOKMARK [0][-]{chapter.13}{3 Fundamenta\347\343o Te\363rica}{}% 24
\BOOKMARK [1][-]{section.14}{3.1 Engenharia de Software}{chapter.13}% 25
\BOOKMARK [2][-]{subsection.16}{3.1.1 Engenharia de Software e Gest\343o de Projetos}{section.14}% 26
\BOOKMARK [1][-]{section.17}{3.2 Ciclo de vida de Software}{chapter.13}% 27
\BOOKMARK [1][-]{section.20}{3.3 Processo Unificado da Rational}{chapter.13}% 28
\BOOKMARK [2][-]{subsection.21}{3.3.1 Uso de Arquitetura Baseada em Componentes}{section.20}% 29
\BOOKMARK [1][-]{section.22}{3.4 Padr\365es de Projeto}{chapter.13}% 30
\BOOKMARK [1][-]{section.23}{3.5 Gest\343o de Projetos}{chapter.13}% 31
\BOOKMARK [2][-]{subsection.24}{3.5.1 O uso do Always beta}{section.23}% 32
\BOOKMARK [1][-]{section.25}{3.6 Principais problemas encontrados no Levantamento de Requisitos}{chapter.13}% 33
\BOOKMARK [2][-]{subsection.26}{3.6.1 Problemas com Stakeholders}{section.25}% 34
\BOOKMARK [2][-]{subsection.27}{3.6.2 Problemas com Engenheiros e Desenvolvedores de Software}{section.25}% 35
\BOOKMARK [1][-]{section.28}{3.7 Requisitos:Funcionais e n\343o Funcionais}{chapter.13}% 36
\BOOKMARK [1][-]{section.29}{3.8 Arquitetura de Software}{chapter.13}% 37
\BOOKMARK [1][-]{section.30}{3.9 Design de Software}{chapter.13}% 38
\BOOKMARK [0][-]{chapter.31}{4 Proposta}{}% 39
\BOOKMARK [1][-]{section.32}{4.1 Requisitos de Software}{chapter.31}% 40
\BOOKMARK [1][-]{section.35}{4.2 Mapa Mental}{chapter.31}% 41
\BOOKMARK [1][-]{section.42}{4.3 Design do Software}{chapter.31}% 42
\BOOKMARK [1][-]{section.45}{4.4 Diagramas da UML}{chapter.31}% 43
\BOOKMARK [2][-]{subsection.47}{4.4.1 Diagrama de Classe}{section.45}% 44
\BOOKMARK [2][-]{subsection.48}{4.4.2 Diagrama de Classe FATESG API}{section.45}% 45
\BOOKMARK [2][-]{subsection.50}{4.4.3 Diagrama de Classe SGEP}{section.45}% 46
\BOOKMARK [2][-]{subsection.52}{4.4.4 Diagrama de Caso de Uso}{section.45}% 47
\BOOKMARK [2][-]{subsection.55}{4.4.5 Diagrama de Atividade}{section.45}% 48
\BOOKMARK [2][-]{subsection.58}{4.4.6 Diagrama de Estado}{section.45}% 49
\BOOKMARK [2][-]{subsection.60}{4.4.7 Diagrama de Componente}{section.45}% 50
\BOOKMARK [2][-]{subsection.62}{4.4.8 Diagrama de Sequ\352ncia}{section.45}% 51
\BOOKMARK [1][-]{section.65}{4.5 Banco De Dados }{chapter.31}% 52
\BOOKMARK [1][-]{section.67}{4.6 Prototipa\347\343o}{chapter.31}% 53
\BOOKMARK [2][-]{subsection.68}{4.6.1 Sistema Corporatum}{section.67}% 54
\BOOKMARK [2][-]{subsection.73}{4.6.2 Tela Sistema SGEP}{section.67}% 55
\BOOKMARK [1][-]{section.80}{4.7 Cod\355go}{chapter.31}% 56
\BOOKMARK [1][-]{section.306}{4.8 Padr\365es de Projetos}{chapter.31}% 57
\BOOKMARK [2][-]{subsection.307}{4.8.1 Singleton}{section.306}% 58
\BOOKMARK [2][-]{subsection.308}{4.8.2 Adapter Factory}{section.306}% 59
\BOOKMARK [2][-]{subsection.309}{4.8.3 Themplate Method}{section.306}% 60
\BOOKMARK [2][-]{subsection.310}{4.8.4 Abstract Factory}{section.306}% 61
\BOOKMARK [1][-]{section.311}{4.9 Frameworks e Ferramentas Adotadas}{chapter.31}% 62
\BOOKMARK [2][-]{subsection.312}{4.9.1 Astah Community}{section.311}% 63
\BOOKMARK [2][-]{subsection.313}{4.9.2 Eclipse}{section.311}% 64
\BOOKMARK [2][-]{subsection.314}{4.9.3 Java}{section.311}% 65
\BOOKMARK [2][-]{subsection.315}{4.9.4 Tomcat}{section.311}% 66
\BOOKMARK [2][-]{subsection.316}{4.9.5 Java Server Faces}{section.311}% 67
\BOOKMARK [2][-]{subsection.317}{4.9.6 Primefaces}{section.311}% 68
\BOOKMARK [2][-]{subsection.318}{4.9.7 Spring}{section.311}% 69
\BOOKMARK [2][-]{subsection.319}{4.9.8 Hibernate}{section.311}% 70
\BOOKMARK [2][-]{subsection.320}{4.9.9 Maven}{section.311}% 71
\BOOKMARK [2][-]{subsection.321}{4.9.10 Junit}{section.311}% 72
\BOOKMARK [2][-]{subsection.322}{4.9.11 \040JasperReports e iReport}{section.311}% 73
\BOOKMARK [0][-]{chapter.323}{5 Considera\347\365es Finais}{}% 74
\BOOKMARK [1][-]{section.324}{5.1 Conclus\343o}{chapter.323}% 75
\BOOKMARK [2][-]{subsection.325}{5.1.1 Contribui\347\343o}{section.324}% 76
\BOOKMARK [1][-]{section.326}{5.2 Trabalhos Futuros}{chapter.323}% 77
\BOOKMARK [0][-]{section.326}{Refer\352ncias Bibliogr\341ficas}{}% 78
